# JRE version: OpenJDK Runtime Environment Temurin-21.0.11+10 (21.0.11+10) (build 21.0.11+10-LTS)
# Java VM: OpenJDK 64-Bit Server VM Temurin-21.0.11+10 (21.0.11+10-LTS, mixed mode, sharing, tiered, compressed oops, compressed class ptrs, g1 gc, windows-amd64)
GC Precious Log:
 CardTable entry size: 512
 Card Set container configuration: InlinePtr #cards 4 size 8 Array Of Cards #cards 64 size 144 Howl #buckets 8 coarsen threshold 14745 Howl Bitmap #cards 2048 size 272 coarsen threshold 1843 Card regions per heap region 1 cards per card region 16384
 CPUs: 24 total, 24 available
 Memory: 64978M
 Large Page Support: Disabled
 NUMA Support: Disabled
 Compressed Oops: Enabled (Zero based)
 Heap Region Size: 8M
 Heap Min Capacity: 8M
 Heap Initial Capacity: 1016M
 Heap Max Capacity: 16248M
 Pre-touch: Disabled
 Parallel Workers: 18
 Concurrent Workers: 5
 Concurrent Refinement Workers: 18
 Periodic GC: Disabled
Heap:
 garbage-first heap   total 262144K, used 161183K [0x0000000408800000, 0x0000000800000000)
  region size 8192K, 13 young (106496K), 1 survivors (8192K)
 Metaspace       used 51266K, committed 51712K, reserved 1114112K
  class space    used 5891K, committed 6080K, reserved 1048576K
GC Heap History (20 events):
Event: 1.073 GC heap before
{Heap before GC invocations=2 (full 0):
 garbage-first heap   total 1040384K, used 61709K [0x0000000408800000, 0x0000000800000000)
  region size 8192K, 6 young (49152K), 1 survivors (8192K)
 Metaspace       used 8863K, committed 9088K, reserved 1114112K
  class space    used 927K, committed 1024K, reserved 1048576K
}
Event: 1.075 GC heap after
{Heap after GC invocations=3 (full 0):
 garbage-first heap   total 1040384K, used 20996K [0x0000000408800000, 0x0000000800000000)
  region size 8192K, 1 young (8192K), 1 survivors (8192K)
 Metaspace       used 8863K, committed 9088K, reserved 1114112K
  class space    used 927K, committed 1024K, reserved 1048576K
}
Event: 2.303 GC heap before
{Heap before GC invocations=3 (full 0):
 garbage-first heap   total 1040384K, used 225796K [0x0000000408800000, 0x0000000800000000)
  region size 8192K, 27 young (221184K), 1 survivors (8192K)
 Metaspace       used 21091K, committed 21504K, reserved 1114112K
  class space    used 2454K, committed 2624K, reserved 1048576K
}
Event: 2.307 GC heap after
{Heap after GC invocations=4 (full 0):
 garbage-first heap   total 1040384K, used 25639K [0x0000000408800000, 0x0000000800000000)
  region size 8192K, 1 young (8192K), 1 survivors (8192K)
 Metaspace       used 21091K, committed 21504K, reserved 1114112K
  class space    used 2454K, committed 2624K, reserved 1048576K
}
Event: 2.643 GC heap before
{Heap before GC invocations=5 (full 0):
 garbage-first heap   total 114688K, used 107559K [0x0000000408800000, 0x0000000800000000)
  region size 8192K, 11 young (90112K), 1 survivors (8192K)
 Metaspace       used 25943K, committed 26368K, reserved 1114112K
  class space    used 3135K, committed 3328K, reserved 1048576K
}
Event: 2.647 GC heap after
{Heap after GC invocations=6 (full 0):
 garbage-first heap   total 131072K, used 27757K [0x0000000408800000, 0x0000000800000000)
  region size 8192K, 2 young (16384K), 2 survivors (16384K)
 Metaspace       used 25943K, committed 26368K, reserved 1114112K
  class space    used 3135K, committed 3328K, reserved 1048576K
}
Event: 2.831 GC heap before
{Heap before GC invocations=6 (full 0):
 garbage-first heap   total 131072K, used 85101K [0x0000000408800000, 0x0000000800000000)
  region size 8192K, 9 young (73728K), 2 survivors (16384K)
 Metaspace       used 28835K, committed 29248K, reserved 1114112K
  class space    used 3560K, committed 3712K, reserved 1048576K
}
Event: 2.835 GC heap after
{Heap after GC invocations=7 (full 0):
 garbage-first heap   total 131072K, used 28648K [0x0000000408800000, 0x0000000800000000)
  region size 8192K, 2 young (16384K), 2 survivors (16384K)
 Metaspace       used 28835K, committed 29248K, reserved 1114112K
  class space    used 3560K, committed 3712K, reserved 1048576K
}
Event: 2.965 GC heap before
{Heap before GC invocations=7 (full 0):
 garbage-first heap   total 131072K, used 85992K [0x0000000408800000, 0x0000000800000000)
  region size 8192K, 9 young (73728K), 2 survivors (16384K)
 Metaspace       used 30600K, committed 31040K, reserved 1114112K
  class space    used 3703K, committed 3904K, reserved 1048576K
}
Event: 2.969 GC heap after
{Heap after GC invocations=8 (full 0):
 garbage-first heap   total 131072K, used 29792K [0x0000000408800000, 0x0000000800000000)
  region size 8192K, 2 young (16384K), 2 survivors (16384K)
 Metaspace       used 30600K, committed 31040K, reserved 1114112K
  class space    used 3703K, committed 3904K, reserved 1048576K
}
Event: 3.093 GC heap before
{Heap before GC invocations=8 (full 0):
 garbage-first heap   total 131072K, used 87136K [0x0000000408800000, 0x0000000800000000)
  region size 8192K, 9 young (73728K), 2 survivors (16384K)
 Metaspace       used 32318K, committed 32832K, reserved 1114112K
  class space    used 3863K, committed 4096K, reserved 1048576K
}
Event: 3.097 GC heap after
{Heap after GC invocations=9 (full 0):
 garbage-first heap   total 589824K, used 31739K [0x0000000408800000, 0x0000000800000000)
  region size 8192K, 1 young (8192K), 1 survivors (8192K)
 Metaspace       used 32318K, committed 32832K, reserved 1114112K
  class space    used 3863K, committed 4096K, reserved 1048576K
}
Event: 4.591 GC heap before
{Heap before GC invocations=9 (full 0):
 garbage-first heap   total 589824K, used 236539K [0x0000000408800000, 0x0000000800000000)
  region size 8192K, 27 young (221184K), 1 survivors (8192K)
 Metaspace       used 36184K, committed 36608K, reserved 1114112K
  class space    used 4364K, committed 4544K, reserved 1048576K
}
Event: 4.598 GC heap after
{Heap after GC invocations=10 (full 0):
 garbage-first heap   total 589824K, used 50631K [0x0000000408800000, 0x0000000800000000)
  region size 8192K, 4 young (32768K), 4 survivors (32768K)
 Metaspace       used 36184K, committed 36608K, reserved 1114112K
  class space    used 4364K, committed 4544K, reserved 1048576K
}
Event: 5.693 GC heap before
{Heap before GC invocations=11 (full 0):
 garbage-first heap   total 221184K, used 206279K [0x0000000408800000, 0x0000000800000000)
  region size 8192K, 23 young (188416K), 4 survivors (32768K)
 Metaspace       used 38753K, committed 39168K, reserved 1114112K
  class space    used 4567K, committed 4736K, reserved 1048576K
}
Event: 5.701 GC heap after
{Heap after GC invocations=12 (full 0):
 garbage-first heap   total 262144K, used 63912K [0x0000000408800000, 0x0000000800000000)
  region size 8192K, 5 young (40960K), 5 survivors (40960K)
 Metaspace       used 38753K, committed 39168K, reserved 1114112K
  class space    used 4567K, committed 4736K, reserved 1048576K
}
Event: 6.380 GC heap before
{Heap before GC invocations=12 (full 0):
 garbage-first heap   total 262144K, used 178600K [0x0000000408800000, 0x0000000800000000)
  region size 8192K, 19 young (155648K), 5 survivors (40960K)
 Metaspace       used 43516K, committed 43968K, reserved 1114112K
  class space    used 5116K, committed 5312K, reserved 1048576K
}
Event: 6.386 GC heap after
{Heap after GC invocations=13 (full 0):
 garbage-first heap   total 262144K, used 67923K [0x0000000408800000, 0x0000000800000000)
  region size 8192K, 3 young (24576K), 3 survivors (24576K)
 Metaspace       used 43516K, committed 43968K, reserved 1114112K
  class space    used 5116K, committed 5312K, reserved 1048576K
}
Event: 7.303 GC heap before
{Heap before GC invocations=13 (full 0):
 garbage-first heap   total 262144K, used 198995K [0x0000000408800000, 0x0000000800000000)
  region size 8192K, 19 young (155648K), 3 survivors (24576K)
 Metaspace       used 47942K, committed 48384K, reserved 1114112K
  class space    used 5527K, committed 5696K, reserved 1048576K
}
Event: 7.307 GC heap after
{Heap after GC invocations=14 (full 0):
 garbage-first heap   total 262144K, used 71071K [0x0000000408800000, 0x0000000800000000)
  region size 8192K, 1 young (8192K), 1 survivors (8192K)
 Metaspace       used 47942K, committed 48384K, reserved 1114112K
  class space    used 5527K, committed 5696K, reserved 1048576K
}

